<?xml version="1.0" encoding="UTF-8"?>
<!-- Generated by org.testng.reporters.JUnitReportReporter -->
<testsuite skipped="0" hostname="jj-PC" name="com.course.cases.AddUserTest" tests="1" failures="0" timestamp="31 三月 2019 13:12:25 GMT" time="4.104" errors="0">
  <testcase name="addUser" time="4.104" classname="com.course.cases.AddUserTest"/>
</testsuite> <!-- com.course.cases.AddUserTest -->
