<?xml version="1.0" encoding="UTF-8"?>
<!-- Generated by org.testng.reporters.JUnitReportReporter -->
<testsuite skipped="0" hostname="jj-PC" name="com.course.cases.UpdateUserInfoTest" tests="2" failures="0" timestamp="31 三月 2019 13:12:25 GMT" time="4.120" errors="0">
  <testcase name="updateUserInfo" time="2.067" classname="com.course.cases.UpdateUserInfoTest"/>
  <testcase name="deleteUser" time="2.053" classname="com.course.cases.UpdateUserInfoTest"/>
</testsuite> <!-- com.course.cases.UpdateUserInfoTest -->
