<?xml version="1.0" encoding="UTF-8"?>
<!-- Generated by org.testng.reporters.JUnitReportReporter -->
<testsuite skipped="0" hostname="jj-PC" name="com.course.cases.LoginTest" tests="2" failures="0" timestamp="31 三月 2019 13:12:25 GMT" time="1.579" errors="0">
  <testcase name="loginFalse" time="0.051" classname="com.course.cases.LoginTest"/>
  <testcase name="loginTrue" time="1.528" classname="com.course.cases.LoginTest"/>
</testsuite> <!-- com.course.cases.LoginTest -->
