<?xml version="1.0" encoding="UTF-8"?>
<!-- Generated by org.testng.reporters.JUnitReportReporter -->
<testsuite skipped="0" hostname="jj-PC" name="com.course.cases.AddUserTest" tests="1" failures="0" timestamp="26 三月 2019 14:46:25 GMT" time="4.166" errors="0">
  <testcase name="addUser" time="4.166" classname="com.course.cases.AddUserTest"/>
</testsuite> <!-- com.course.cases.AddUserTest -->
