<?xml version="1.0" encoding="UTF-8"?>
<!-- Generated by org.testng.reporters.JUnitReportReporter -->
<testsuite skipped="0" hostname="jj-PC" name="com.course.cases.UpdateUserInfoTest" tests="2" failures="0" timestamp="26 三月 2019 14:46:25 GMT" time="4.116" errors="0">
  <testcase name="updateUserInfo" time="2.051" classname="com.course.cases.UpdateUserInfoTest"/>
  <testcase name="deleteUser" time="2.065" classname="com.course.cases.UpdateUserInfoTest"/>
</testsuite> <!-- com.course.cases.UpdateUserInfoTest -->
