<?xml version="1.0" encoding="UTF-8"?>
<!-- Generated by org.testng.reporters.JUnitReportReporter -->
<testsuite skipped="0" hostname="jj-PC" name="com.course.cases.GetUserInfoTest" tests="1" failures="0" timestamp="31 三月 2019 13:12:25 GMT" time="2.062" errors="0">
  <testcase name="getUserInfo" time="2.062" classname="com.course.cases.GetUserInfoTest"/>
</testsuite> <!-- com.course.cases.GetUserInfoTest -->
