<?xml version="1.0" encoding="UTF-8"?>
<!-- Generated by org.testng.reporters.JUnitReportReporter -->
<testsuite skipped="0" hostname="jj-PC" name="com.course.cases.GetUserInfoListTest" tests="1" failures="0" timestamp="26 三月 2019 14:46:25 GMT" time="2.148" errors="0">
  <testcase name="getUserInfoList" time="2.148" classname="com.course.cases.GetUserInfoListTest"/>
</testsuite> <!-- com.course.cases.GetUserInfoListTest -->
